TN:
SF:./src/client/app/admin/admin.module.js
FN:1,(anonymous_1)
FNF:1
FNH:1
FNDA:1,(anonymous_1)
DA:1,1
DA:4,1
LF:2
LH:2
BRF:0
BRH:0
end_of_record
TN:
SF:./src/client/app/app.module.js
FN:1,(anonymous_1)
FNF:1
FNH:1
FNDA:1,(anonymous_1)
DA:1,1
DA:4,1
LF:2
LH:2
BRF:0
BRH:0
end_of_record
TN:
SF:./src/client/app/blocks/exception/exception.module.js
FN:1,(anonymous_1)
FNF:1
FNH:1
FNDA:1,(anonymous_1)
DA:1,1
DA:4,1
LF:2
LH:2
BRF:0
BRH:0
end_of_record
TN:
SF:./src/client/app/blocks/logger/logger.module.js
FN:1,(anonymous_1)
FNF:1
FNH:1
FNDA:1,(anonymous_1)
DA:1,1
DA:4,1
LF:2
LH:2
BRF:0
BRH:0
end_of_record
TN:
SF:./src/client/app/blocks/router/router.module.js
FN:1,(anonymous_1)
FNF:1
FNH:1
FNDA:1,(anonymous_1)
DA:1,1
DA:4,1
LF:2
LH:2
BRF:0
BRH:0
end_of_record
TN:
SF:./src/client/app/core/core.module.js
FN:1,(anonymous_1)
FNF:1
FNH:1
FNDA:1,(anonymous_1)
DA:1,1
DA:4,1
LF:2
LH:2
BRF:0
BRH:0
end_of_record
TN:
SF:./src/client/app/dashboard/spec.module.js
FN:1,(anonymous_1)
FNF:1
FNH:1
FNDA:1,(anonymous_1)
DA:1,1
DA:4,1
LF:2
LH:2
BRF:0
BRH:0
end_of_record
TN:
SF:./src/client/app/layout/layout.module.js
FN:1,(anonymous_1)
FNF:1
FNH:1
FNDA:1,(anonymous_1)
DA:1,1
DA:4,1
LF:2
LH:2
BRF:0
BRH:0
end_of_record
TN:
SF:./src/client/app/login/login.module.js
FN:4,(anonymous_1)
FNF:1
FNH:1
FNDA:1,(anonymous_1)
DA:4,1
DA:7,1
LF:2
LH:2
BRF:0
BRH:0
end_of_record
TN:
SF:./src/client/app/widgets/widgets.module.js
FN:1,(anonymous_1)
FNF:1
FNH:1
FNDA:1,(anonymous_1)
DA:1,1
DA:4,1
LF:2
LH:2
BRF:0
BRH:0
end_of_record
TN:
SF:./src/client/app/admin/admin.controller.js
FN:1,(anonymous_1)
FN:10,AdminController
FN:16,activate
FNF:3
FNH:3
FNDA:1,(anonymous_1)
FNDA:3,AdminController
FNDA:3,activate
DA:1,1
DA:4,1
DA:8,1
DA:10,1
DA:11,3
DA:12,3
DA:14,3
DA:16,1
DA:17,3
LF:9
LH:9
BRF:0
BRH:0
end_of_record
TN:
SF:./src/client/app/admin/admin.route.js
FN:1,(anonymous_1)
FN:10,appRun
FN:14,getStates
FNF:3
FNH:3
FNDA:1,(anonymous_1)
FNDA:6,appRun
FNDA:6,getStates
DA:1,1
DA:4,1
DA:8,1
DA:10,1
DA:11,6
DA:14,1
DA:15,6
LF:7
LH:7
BRF:0
BRH:0
end_of_record
TN:
SF:./src/client/app/blocks/exception/exception-handler.provider.js
FN:3,(anonymous_1)
FN:14,exceptionHandlerProvider
FN:20,(anonymous_3)
FN:24,(anonymous_4)
FN:37,config
FN:50,extendExceptionHandler
FN:51,(anonymous_7)
FNF:7
FNH:7
FNDA:1,(anonymous_1)
FNDA:35,exceptionHandlerProvider
FNDA:32,(anonymous_3)
FNDA:37,(anonymous_4)
FNDA:35,config
FNDA:35,extendExceptionHandler
FNDA:9,(anonymous_7)
DA:3,1
DA:6,1
DA:14,1
DA:16,35
DA:20,35
DA:21,32
DA:24,35
DA:25,37
DA:29,1
DA:37,1
DA:38,35
DA:41,1
DA:50,1
DA:51,35
DA:52,9
DA:53,9
DA:54,9
DA:55,9
DA:65,0
LF:19
LH:18
BRDA:52,1,0,9
BRDA:52,1,1,0
BRF:2
BRH:1
end_of_record
TN:
SF:./src/client/app/blocks/exception/exception.js
FN:1,(anonymous_1)
FN:9,exception
FN:15,catcher
FN:16,(anonymous_4)
FNF:4
FNH:2
FNDA:1,(anonymous_1)
FNDA:27,exception
FNDA:0,catcher
FNDA:0,(anonymous_4)
DA:1,1
DA:4,1
DA:9,1
DA:10,27
DA:13,27
DA:15,1
DA:16,0
DA:17,0
DA:18,0
DA:19,0
DA:20,0
DA:21,0
DA:23,0
DA:24,0
DA:25,0
LF:15
LH:6
BRDA:19,1,0,0
BRDA:19,1,1,0
BRDA:19,2,0,0
BRDA:19,2,1,0
BRF:4
BRH:0
end_of_record
TN:
SF:./src/client/app/blocks/logger/logger.js
FN:1,(anonymous_1)
FN:11,logger
FN:27,error
FN:32,info
FN:37,success
FN:42,warning
FNF:6
FNH:4
FNDA:1,(anonymous_1)
FNDA:35,logger
FNDA:0,error
FNDA:3,info
FNDA:3,success
FNDA:0,warning
DA:1,1
DA:4,1
DA:8,1
DA:11,1
DA:12,35
DA:24,35
DA:27,1
DA:28,0
DA:29,0
DA:32,1
DA:33,3
DA:34,3
DA:37,1
DA:38,3
DA:39,3
DA:42,1
DA:43,0
DA:44,0
LF:18
LH:14
BRF:0
BRH:0
end_of_record
TN:
SF:./src/client/app/blocks/router/router-helper.provider.js
FN:2,(anonymous_1)
FN:11,routerHelperProvider
FN:20,(anonymous_3)
FN:27,RouterHelper
FN:47,configureStates
FN:48,(anonymous_6)
FN:59,handleRoutingErrors
FN:64,(anonymous_8)
FN:82,init
FN:87,getStates
FN:89,updateDocTitle
FN:91,(anonymous_12)
FNF:12
FNH:11
FNDA:1,(anonymous_1)
FNDA:27,routerHelperProvider
FNDA:27,(anonymous_3)
FNDA:27,RouterHelper
FNDA:41,configureStates
FNDA:41,(anonymous_6)
FNDA:27,handleRoutingErrors
FNDA:0,(anonymous_8)
FNDA:27,init
FNDA:1,getStates
FNDA:27,updateDocTitle
FNDA:9,(anonymous_12)
DA:2,1
DA:5,1
DA:9,1
DA:11,1
DA:13,27
DA:18,27
DA:20,27
DA:21,27
DA:24,27
DA:25,27
DA:27,1
DA:28,27
DA:29,27
DA:30,27
DA:35,27
DA:41,27
DA:43,27
DA:47,1
DA:48,41
DA:49,41
DA:51,41
DA:53,41
DA:54,27
DA:55,27
DA:59,1
DA:63,27
DA:65,0
DA:66,0
DA:68,0
DA:69,0
DA:70,0
DA:73,0
DA:76,0
DA:77,0
DA:82,1
DA:83,27
DA:84,27
DA:87,1
DA:89,1
DA:90,27
DA:92,9
DA:93,9
DA:95,9
DA:96,9
LF:44
LH:36
BRDA:50,1,0,41
BRDA:50,1,1,41
BRDA:53,2,0,27
BRDA:53,2,1,14
BRDA:53,3,0,41
BRDA:53,3,1,28
BRDA:65,4,0,0
BRDA:65,4,1,0
BRDA:70,5,0,0
BRDA:70,5,1,0
BRDA:70,5,2,0
BRDA:70,5,3,0
BRDA:70,5,4,0
BRDA:74,6,0,0
BRDA:74,6,1,0
BRDA:74,7,0,0
BRDA:74,7,1,0
BRDA:75,8,0,0
BRDA:75,8,1,0
BRDA:95,9,0,9
BRDA:95,9,1,0
BRF:21
BRH:7
end_of_record
TN:
SF:./src/client/app/core/config.js
FN:1,(anonymous_1)
FN:10,toastrConfig
FN:26,configure
FN:38,mdThemeConfig
FNF:4
FNH:4
FNDA:1,(anonymous_1)
FNDA:27,toastrConfig
FNDA:27,configure
FNDA:27,mdThemeConfig
DA:1,1
DA:4,1
DA:6,1
DA:8,1
DA:10,1
DA:11,27
DA:12,27
DA:15,1
DA:20,1
DA:22,1
DA:24,1
DA:26,1
DA:27,27
DA:28,27
DA:30,27
DA:31,27
DA:34,1
DA:36,1
DA:38,1
DA:39,27
LF:20
LH:20
BRDA:27,1,0,27
BRDA:27,1,1,0
BRF:2
BRH:1
end_of_record
TN:
SF:./src/client/app/core/constants.js
FN:2,(anonymous_1)
FNF:1
FNH:1
FNDA:1,(anonymous_1)
DA:2,1
DA:5,1
LF:2
LH:2
BRF:0
BRH:0
end_of_record
TN:
SF:./src/client/app/core/core.route.js
FN:1,(anonymous_1)
FN:9,appRun
FN:14,getStates
FNF:3
FNH:3
FNDA:1,(anonymous_1)
FNDA:27,appRun
FNDA:27,getStates
DA:1,1
DA:4,1
DA:9,1
DA:10,27
DA:11,27
DA:14,1
DA:15,27
LF:7
LH:7
BRF:0
BRH:0
end_of_record
TN:
SF:./src/client/app/core/dataservice.js
FN:1,(anonymous_1)
FN:10,dataservice
FN:19,getMenu
FN:23,getMessageCount
FN:25,getPeople
FN:30,success
FN:34,fail
FNF:7
FNH:3
FNDA:1,(anonymous_1)
FNDA:10,dataservice
FNDA:0,getMenu
FNDA:6,getMessageCount
FNDA:0,getPeople
FNDA:0,success
FNDA:0,fail
DA:1,1
DA:4,1
DA:8,1
DA:10,1
DA:11,10
DA:17,10
DA:19,1
DA:20,0
DA:23,6
DA:25,1
DA:26,0
DA:30,1
DA:31,0
DA:34,1
DA:35,0
LF:15
LH:11
BRF:0
BRH:0
end_of_record
TN:
SF:./src/client/app/core/loginService.js
FN:1,(anonymous_1)
FN:13,loginService
FN:17,(anonymous_3)
FN:28,isPublic
FN:32,goToLogin
FN:38,login
FN:43,success
FN:52,redirect
FN:56,fail
FN:61,logout
FN:68,success
FN:77,redirect
FN:81,fail
FN:87,appRun
FN:88,(anonymous_15)
FN:94,(anonymous_16)
FNF:16
FNH:7
FNDA:1,(anonymous_1)
FNDA:27,loginService
FNDA:12,(anonymous_3)
FNDA:12,isPublic
FNDA:3,goToLogin
FNDA:0,login
FNDA:0,success
FNDA:0,redirect
FNDA:0,fail
FNDA:0,logout
FNDA:0,success
FNDA:0,redirect
FNDA:0,fail
FNDA:27,appRun
FNDA:12,(anonymous_15)
FNDA:0,(anonymous_16)
DA:1,1
DA:4,1
DA:9,1
DA:11,1
DA:13,1
DA:14,27
DA:16,27
DA:18,12
DA:26,27
DA:28,1
DA:29,12
DA:32,1
DA:33,3
DA:34,0
DA:35,0
DA:38,1
DA:39,0
DA:43,1
DA:44,0
DA:45,0
DA:46,0
DA:47,0
DA:48,0
DA:52,1
DA:53,0
DA:56,1
DA:57,0
DA:61,1
DA:62,0
DA:63,0
DA:68,1
DA:69,0
DA:70,0
DA:71,0
DA:72,0
DA:73,0
DA:77,1
DA:78,0
DA:81,1
DA:82,0
DA:87,1
DA:88,27
DA:89,12
DA:90,3
DA:91,3
DA:93,3
DA:95,0
LF:47
LH:27
BRDA:44,1,0,0
BRDA:44,1,1,0
BRDA:53,2,0,0
BRDA:53,2,1,0
BRDA:62,3,0,0
BRDA:62,3,1,0
BRDA:69,4,0,0
BRDA:69,4,1,0
BRDA:89,5,0,3
BRDA:89,5,1,9
BRDA:89,6,0,12
BRDA:89,6,1,12
BRF:12
BRH:4
end_of_record
TN:
SF:./src/client/app/dashboard/spec.controller.js
FN:1,(anonymous_1)
FN:10,DashboardController
FN:22,activate
FN:24,(anonymous_4)
FN:29,getMessageCount
FN:30,(anonymous_6)
FN:36,getPeople
FN:37,(anonymous_8)
FNF:8
FNH:8
FNDA:1,(anonymous_1)
FNDA:6,DashboardController
FNDA:6,activate
FNDA:6,(anonymous_4)
FNDA:6,getMessageCount
FNDA:6,(anonymous_6)
FNDA:6,getPeople
FNDA:6,(anonymous_8)
DA:1,1
DA:4,1
DA:8,1
DA:10,1
DA:11,6
DA:12,6
DA:16,6
DA:17,6
DA:18,6
DA:20,6
DA:22,1
DA:23,6
DA:24,6
DA:29,1
DA:30,6
DA:31,6
DA:32,6
DA:36,1
DA:37,6
DA:38,6
DA:39,6
LF:21
LH:21
BRF:0
BRH:0
end_of_record
TN:
SF:./src/client/app/dashboard/spec.route.js
FN:1,(anonymous_1)
FN:10,appRun
FN:14,getStates
FNF:3
FNH:3
FNDA:1,(anonymous_1)
FNDA:7,appRun
FNDA:7,getStates
DA:1,1
DA:4,1
DA:8,1
DA:10,1
DA:11,7
DA:14,1
DA:15,7
LF:7
LH:7
BRF:0
BRH:0
end_of_record
TN:
SF:./src/client/app/layout/console.controller.js
FN:1,(anonymous_1)
FN:17,ConsoleController
FN:32,activate
FN:37,hideSplash
FN:39,(anonymous_5)
FN:44,openLeftMenu
FN:48,logout
FNF:7
FNH:1
FNDA:1,(anonymous_1)
FNDA:0,ConsoleController
FNDA:0,activate
FNDA:0,hideSplash
FNDA:0,(anonymous_5)
FNDA:0,openLeftMenu
FNDA:0,logout
DA:1,1
DA:4,1
DA:8,1
DA:17,1
DA:18,0
DA:19,0
DA:20,0
DA:21,0
DA:22,0
DA:27,0
DA:28,0
DA:30,0
DA:32,1
DA:33,0
DA:34,0
DA:37,1
DA:39,0
DA:40,0
DA:44,1
DA:45,0
DA:48,1
DA:49,0
LF:22
LH:8
BRF:0
BRH:0
end_of_record
TN:
SF:./src/client/app/layout/ht-sidebar.directive.js
FN:1,(anonymous_1)
FN:9,htSidebar
FN:25,link
FN:31,dropdown
FNF:4
FNH:4
FNDA:1,(anonymous_1)
FNDA:7,htSidebar
FNDA:7,link
FNDA:5,dropdown
DA:1,1
DA:4,1
DA:9,1
DA:16,7
DA:23,7
DA:25,1
DA:26,7
DA:27,7
DA:28,7
DA:29,7
DA:31,1
DA:32,5
DA:33,5
DA:34,5
DA:35,3
DA:36,3
DA:37,2
DA:38,2
DA:39,2
LF:19
LH:19
BRDA:34,1,0,3
BRDA:34,1,1,2
BRDA:37,2,0,2
BRDA:37,2,1,0
BRF:4
BRH:3
end_of_record
TN:
SF:./src/client/app/layout/ht-top-nav.directive.js
FN:1,(anonymous_1)
FN:9,htTopNav
FN:22,TopNavController
FNF:3
FNH:1
FNDA:1,(anonymous_1)
FNDA:0,htTopNav
FNDA:0,TopNavController
DA:1,1
DA:4,1
DA:9,1
DA:10,0
DA:22,1
DA:23,0
DA:26,0
LF:7
LH:4
BRF:0
BRH:0
end_of_record
TN:
SF:./src/client/app/layout/menu-link.directive.js
FN:1,(anonymous_1)
FN:8,menuLink
FN:23,link
FN:25,(anonymous_4)
FN:28,(anonymous_5)
FNF:5
FNH:1
FNDA:1,(anonymous_1)
FNDA:0,menuLink
FNDA:0,link
FNDA:0,(anonymous_4)
FNDA:0,(anonymous_5)
DA:1,1
DA:4,1
DA:8,1
DA:13,0
DA:21,0
DA:23,1
DA:24,0
DA:25,0
DA:26,0
DA:28,0
DA:29,0
LF:11
LH:4
BRF:0
BRH:0
end_of_record
TN:
SF:./src/client/app/layout/product-card.directive.js
FN:1,(anonymous_1)
FN:8,menuToggle
FN:23,link
FN:25,(anonymous_4)
FN:28,(anonymous_5)
FNF:5
FNH:1
FNDA:1,(anonymous_1)
FNDA:0,menuToggle
FNDA:0,link
FNDA:0,(anonymous_4)
FNDA:0,(anonymous_5)
DA:1,1
DA:4,1
DA:8,1
DA:13,0
DA:21,0
DA:23,1
DA:24,0
DA:25,0
DA:26,0
DA:28,0
DA:29,0
LF:11
LH:4
BRF:0
BRH:0
end_of_record
TN:
SF:./src/client/app/layout/shell.controller.js
FN:1,(anonymous_1)
FN:10,ShellController
FN:23,activate
FN:28,hideSplash
FN:30,(anonymous_5)
FNF:5
FNH:5
FNDA:1,(anonymous_1)
FNDA:3,ShellController
FNDA:3,activate
FNDA:3,hideSplash
FNDA:1,(anonymous_5)
DA:1,1
DA:4,1
DA:8,1
DA:10,1
DA:11,3
DA:12,3
DA:13,3
DA:14,3
DA:15,3
DA:21,3
DA:23,1
DA:24,3
DA:25,3
DA:28,1
DA:30,3
DA:31,1
LF:16
LH:16
BRF:0
BRH:0
end_of_record
TN:
SF:./src/client/app/layout/sidebar.controller.js
FN:1,(anonymous_1)
FN:10,SidebarController
FN:20,isClosed
FN:24,toggle
FN:44,activate
FN:48,getNavRoutes
FN:51,(anonymous_7)
FN:53,(anonymous_8)
FN:103,isCurrent
FNF:9
FNH:6
FNDA:1,(anonymous_1)
FNDA:1,SidebarController
FNDA:0,isClosed
FNDA:0,toggle
FNDA:1,activate
FNDA:1,getNavRoutes
FNDA:3,(anonymous_7)
FNDA:1,(anonymous_8)
FNDA:0,isCurrent
DA:1,1
DA:4,1
DA:8,1
DA:10,1
DA:11,1
DA:12,1
DA:13,1
DA:14,1
DA:15,1
DA:16,1
DA:18,1
DA:20,1
DA:21,0
DA:24,1
DA:25,0
DA:26,0
DA:27,0
DA:28,0
DA:29,0
DA:30,0
DA:31,0
DA:32,0
DA:33,0
DA:34,0
DA:41,0
DA:44,1
DA:45,1
DA:48,1
DA:49,1
DA:51,1
DA:52,3
DA:54,1
DA:55,1
DA:56,1
DA:63,1
DA:65,1
DA:66,1
DA:73,1
DA:74,0
DA:79,0
DA:80,0
DA:87,0
DA:92,0
DA:94,1
DA:99,1
DA:103,1
DA:104,0
DA:105,0
DA:107,0
DA:108,0
LF:50
LH:29
BRDA:27,1,0,0
BRDA:27,1,1,0
BRDA:29,2,0,0
BRDA:29,2,1,0
BRDA:31,3,0,0
BRDA:31,3,1,0
BRDA:33,4,0,0
BRDA:33,4,1,0
BRDA:33,5,0,0
BRDA:33,5,1,0
BRDA:63,6,0,0
BRDA:63,6,1,1
BRDA:65,7,0,1
BRDA:65,7,1,0
BRDA:68,8,0,1
BRDA:68,8,1,0
BRDA:73,9,0,0
BRDA:73,9,1,1
BRDA:79,10,0,0
BRDA:79,10,1,0
BRDA:104,11,0,0
BRDA:104,11,1,0
BRDA:104,12,0,0
BRDA:104,12,1,0
BRDA:104,12,2,0
BRDA:108,13,0,0
BRDA:108,13,1,0
BRF:27
BRH:4
end_of_record
TN:
SF:./src/client/app/login/login.controller.js
FN:1,(anonymous_1)
FN:10,LoginController
FN:16,login
FN:21,(anonymous_4)
FNF:4
FNH:1
FNDA:1,(anonymous_1)
FNDA:0,LoginController
FNDA:0,login
FNDA:0,(anonymous_4)
DA:1,1
DA:4,1
DA:8,1
DA:10,1
DA:11,0
DA:12,0
DA:13,0
DA:14,0
DA:16,1
DA:17,0
DA:18,0
DA:20,0
DA:22,0
LF:13
LH:5
BRF:0
BRH:0
end_of_record
TN:
SF:./src/client/app/login/login.route.js
FN:1,(anonymous_1)
FN:10,appRun
FN:14,getStates
FNF:3
FNH:1
FNDA:1,(anonymous_1)
FNDA:0,appRun
FNDA:0,getStates
DA:1,1
DA:4,1
DA:8,1
DA:10,1
DA:11,0
DA:14,1
DA:15,0
LF:7
LH:5
BRF:0
BRH:0
end_of_record
TN:
SF:./src/client/app/widgets/ht-img-person.directive.js
FN:1,(anonymous_1)
FN:10,htImgPerson
FN:21,link
FN:22,(anonymous_4)
FNF:4
FNH:1
FNDA:1,(anonymous_1)
FNDA:0,htImgPerson
FNDA:0,link
FNDA:0,(anonymous_4)
DA:1,1
DA:4,1
DA:8,1
DA:10,1
DA:13,0
DA:14,0
DA:15,0
DA:19,0
DA:21,1
DA:22,0
DA:23,0
DA:24,0
LF:12
LH:5
BRDA:23,1,0,0
BRDA:23,1,1,0
BRF:2
BRH:0
end_of_record
TN:
SF:./src/client/app/widgets/ht-widget-header.directive.js
FN:1,(anonymous_1)
FN:9,htWidgetHeader
FNF:2
FNH:1
FNDA:1,(anonymous_1)
FNDA:0,htWidgetHeader
DA:1,1
DA:4,1
DA:9,1
DA:16,0
DA:26,0
LF:5
LH:3
BRF:0
BRH:0
end_of_record
